<?xml version="1.0" encoding="UTF-8"?>
<!-- Generated by org.testng.reporters.JUnitXMLReporter -->
<testsuite ignored="0" hostname="BAC033" failures="0" tests="4" name="Default test" time="7.012" errors="0" timestamp="2024-02-12T15:53:48 IST">
  <testcase classname="api.test.UserTests" name="testPostUser" time="2.264"/>
  <testcase classname="api.test.UserTests" name="testGetUserName" time="1.11"/>
  <testcase classname="api.test.UserTests" name="testUpdateUserByName" time="2.209"/>
  <testcase classname="api.test.UserTests" name="testDeleteUserByName" time="1.114"/>
</testsuite> <!-- Default test -->
