<?xml version="1.0" encoding="UTF-8"?>
<!-- Generated by org.testng.reporters.JUnitXMLReporter -->
<testsuite ignored="0" hostname="BAC033" failures="0" tests="3" name="Default test" time="4.881" errors="0" timestamp="2024-02-15T12:15:20 IST">
  <testcase classname="api.test.StoreTest" name="testPostStore" time="2.165"/>
  <testcase classname="api.test.StoreTest" name="testGetUserName" time="1.336"/>
  <testcase classname="api.test.StoreTest" name="testDeleteUserByName" time="1.347"/>
</testsuite> <!-- Default test -->
