<?xml version="1.0" encoding="UTF-8"?>
<testng-results ignored="0" total="4" passed="4" failed="0" skipped="0">
  <reporter-output>
  </reporter-output>
  <suite started-at="2024-02-12T15:53:41 IST" name="Default suite" finished-at="2024-02-12T15:53:48 IST" duration-ms="7012">
    <groups>
    </groups>
    <test started-at="2024-02-12T15:53:41 IST" name="Default test" finished-at="2024-02-12T15:53:48 IST" duration-ms="7012">
      <class name="api.test.UserTests">
        <test-method is-config="true" signature="setupData()[pri:0, instance:api.test.UserTests@293a5bf6]" started-at="2024-02-12T15:53:41 IST" name="setupData" finished-at="2024-02-12T15:53:41 IST" duration-ms="271" status="PASS">
          <reporter-output>
          </reporter-output>
        </test-method> <!-- setupData -->
        <test-method signature="testPostUser()[pri:1, instance:api.test.UserTests@293a5bf6]" started-at="2024-02-12T15:53:41 IST" name="testPostUser" finished-at="2024-02-12T15:53:43 IST" duration-ms="2264" status="PASS">
          <reporter-output>
          </reporter-output>
        </test-method> <!-- testPostUser -->
        <test-method signature="testGetUserName()[pri:2, instance:api.test.UserTests@293a5bf6]" started-at="2024-02-12T15:53:43 IST" name="testGetUserName" finished-at="2024-02-12T15:53:44 IST" duration-ms="1110" status="PASS">
          <reporter-output>
          </reporter-output>
        </test-method> <!-- testGetUserName -->
        <test-method signature="testUpdateUserByName()[pri:3, instance:api.test.UserTests@293a5bf6]" started-at="2024-02-12T15:53:44 IST" name="testUpdateUserByName" finished-at="2024-02-12T15:53:47 IST" duration-ms="2209" status="PASS">
          <reporter-output>
          </reporter-output>
        </test-method> <!-- testUpdateUserByName -->
        <test-method signature="testDeleteUserByName()[pri:4, instance:api.test.UserTests@293a5bf6]" started-at="2024-02-12T15:53:47 IST" name="testDeleteUserByName" finished-at="2024-02-12T15:53:48 IST" duration-ms="1114" status="PASS">
          <reporter-output>
          </reporter-output>
        </test-method> <!-- testDeleteUserByName -->
      </class> <!-- api.test.UserTests -->
    </test> <!-- Default test -->
  </suite> <!-- Default suite -->
</testng-results>
