<?xml version="1.0" encoding="UTF-8"?>
<testng-results ignored="0" total="3" passed="3" failed="0" skipped="0">
  <reporter-output>
  </reporter-output>
  <suite started-at="2024-02-15T12:15:15 IST" name="Default suite" finished-at="2024-02-15T12:15:20 IST" duration-ms="4881">
    <groups>
    </groups>
    <test started-at="2024-02-15T12:15:15 IST" name="Default test" finished-at="2024-02-15T12:15:20 IST" duration-ms="4881">
      <class name="api.test.StoreTest">
        <test-method is-config="true" signature="setupStoreData()[pri:0, instance:api.test.StoreTest@42a48628]" started-at="2024-02-15T12:15:15 IST" name="setupStoreData" finished-at="2024-02-15T12:15:15 IST" duration-ms="6" status="PASS">
          <reporter-output>
          </reporter-output>
        </test-method> <!-- setupStoreData -->
        <test-method signature="testPostStore()[pri:1, instance:api.test.StoreTest@42a48628]" started-at="2024-02-15T12:15:15 IST" name="testPostStore" finished-at="2024-02-15T12:15:17 IST" duration-ms="2165" status="PASS">
          <reporter-output>
          </reporter-output>
        </test-method> <!-- testPostStore -->
        <test-method signature="testGetUserName()[pri:2, instance:api.test.StoreTest@42a48628]" started-at="2024-02-15T12:15:17 IST" name="testGetUserName" finished-at="2024-02-15T12:15:18 IST" duration-ms="1336" status="PASS">
          <reporter-output>
          </reporter-output>
        </test-method> <!-- testGetUserName -->
        <test-method signature="testDeleteUserByName()[pri:4, instance:api.test.StoreTest@42a48628]" started-at="2024-02-15T12:15:18 IST" name="testDeleteUserByName" finished-at="2024-02-15T12:15:20 IST" duration-ms="1347" status="PASS">
          <reporter-output>
          </reporter-output>
        </test-method> <!-- testDeleteUserByName -->
      </class> <!-- api.test.StoreTest -->
    </test> <!-- Default test -->
  </suite> <!-- Default suite -->
</testng-results>
